<?xml version="1.0" encoding="utf-8" standalone="no"?>
<!--This file represents the results of running a test suite-->
<test-results name="C:\Users\xuweiq\Desktop\TrafodionProvider\Trafodion.Data.Tests\TrrafAdoTest.nunit" total="1" errors="1" failures="0" not-run="0" inconclusive="0" ignored="0" skipped="0" invalid="0" date="2015-08-20" time="14:24:31">
  <environment nunit-version="2.6.2.12296" clr-version="2.0.50727.5485" os-version="Microsoft Windows NT 6.1.7601 Service Pack 1" platform="Win32NT" cwd="C:\Program Files (x86)\NUnit 2.6.2\bin" machine-name="XUWEIQ1" user="xuweiq" user-domain="ASIAPACIFIC" />
  <culture-info current-culture="zh-CN" current-uiculture="en-US" />
  <test-suite type="Project" name="C:\Users\xuweiq\Desktop\TrafodionProvider\Trafodion.Data.Tests\TrrafAdoTest.nunit" executed="True" result="Failure" success="False" time="44.627" asserts="0">
    <results>
      <test-suite type="Assembly" name="C:\Users\xuweiq\Desktop\TrafodionProvider\Trafodion.Data.Tests\Trafodion.Data.Tests.dll" executed="True" result="Failure" success="False" time="44.625" asserts="0">
        <results>
          <test-suite type="SetUpFixture" name="TrafAdoTest" executed="True" result="Failure" success="False" time="44.625" asserts="0">
            <results>
              <test-suite type="TestFixture" name="ConnectionPoolingTest" executed="True" result="Failure" success="False" time="15.709" asserts="0">
                <results>
                  <test-case name="TrafAdoTest.ConnectionPoolingTest.ConnectionPoolingTestPool" executed="True" result="Error" success="False" time="15.706" asserts="0">
                    <failure>
                      <message><![CDATA[Trafodion.Data.TrafDbException : Retry the connection.  Server resources are busy.]]></message>
                      <stack-trace><![CDATA[at Trafodion.Data.TrafDbConnection.GetObjRef() in c:\Users\xuweiq\Desktop\TrafodionProvider\Trafodion.Data\Public\TrafodionConnection.cs:line 806
at Trafodion.Data.TrafDbConnection.Open() in c:\Users\xuweiq\Desktop\TrafodionProvider\Trafodion.Data\Public\TrafodionConnection.cs:line 550
at TrafAdoTest.ConnectionPoolingTest.ConnectionPoolingTestPool() in c:\Users\xuweiq\Desktop\TrafodionProvider\Trafodion.Data.Tests\ConnectionPoolingTest.cs:line 222
]]></stack-trace>
                    </failure>
                  </test-case>
                </results>
              </test-suite>
            </results>
          </test-suite>
        </results>
      </test-suite>
    </results>
  </test-suite>
</test-results>